<?xml version="1.0" encoding="UTF-8"?>
<beans xmlns="http://www.springframework.org/schema/beans"
	xmlns:xsi="http://www.w3.org/2001/XMLSchema-instance"
	xmlns:p="http://www.springframework.org/schema/p"
	xmlns:context="http://www.springframework.org/schema/context"
	xmlns:tx="http://www.springframework.org/schema/tx" 
	xmlns:aop="http://www.springframework.org/schema/aop"
	xmlns:lang="http://www.springframework.org/schema/lang"
	xmlns:util="http://www.springframework.org/schema/util"
    xmlns:jaxrs="http://cxf.apache.org/jaxrs"
    xmlns:jee="http://www.springframework.org/schema/jee"
	xsi:schemaLocation="
		http://www.springframework.org/schema/beans http://www.springframework.org/schema/beans/spring-beans-3.1.xsd
		http://www.springframework.org/schema/context http://www.springframework.org/schema/context/spring-context-3.1.xsd
		http://www.springframework.org/schema/tx http://www.springframework.org/schema/tx/spring-tx-3.1.xsd
		http://www.springframework.org/schema/aop http://www.springframework.org/schema/aop/spring-aop-3.1.xsd
		http://www.springframework.org/schema/lang http://www.springframework.org/schema/lang/spring-lang-3.1.xsd
		http://www.springframework.org/schema/util http://www.springframework.org/schema/util/spring-util-3.1.xsd
        http://www.springframework.org/schema/jee http://www.springframework.org/schema/jee/spring-jee-2.0.xsd
        http://cxf.apache.org/jaxrs http://cxf.apache.org/schemas/jaxrs.xsd
		">
	
    <context:property-placeholder location="classpath:*.properties" />
    <!-- 
    <bean id="dataSource" class="bitronix.tm.resource.jdbc.PoolingDataSource" init-method="init" destroy-method="close">
        <property name="className" value="bitronix.tm.resource.jdbc.lrc.LrcXADataSource" />
        <property name="allowLocalTransactions" value="true"/>
        <property name="uniqueName" value="defaultDS" />
        <property name="maxPoolSize" value="5" />
        <property name="driverProperties">
            <props>
                <prop key="driverClassName">org.h2.Driver</prop>
                <prop key="url">jdbc:h2:testDb</prop>
            </props>
        </property>
    </bean>
    -->
    <jee:jndi-lookup id="dataSource" jndi-name="jdbc/defaultDS" />
    
	<bean id="transactionManager" class="org.springframework.transaction.jta.JtaTransactionManager" />
	
</beans>